{"/Users/wuxiao/wuxiao-desktop/weisuoke/react/rc-carousel-demo/src/index.tsx": {"path":"/Users/wuxiao/wuxiao-desktop/weisuoke/react/rc-carousel-demo/src/index.tsx","statementMap":{"0":{"start":{"line":5,"column":0},"end":{"line":5,"column":39}},"1":{"start":{"line":6,"column":0},"end":{"line":6,"column":30}},"2":{"start":{"line":8,"column":0},"end":{"line":8,"column":49}},"3":{"start":{"line":9,"column":0},"end":{"line":9,"column":42}},"4":{"start":{"line":10,"column":0},"end":{"line":10,"column":41}},"5":{"start":{"line":11,"column":0},"end":{"line":11,"column":49}},"6":{"start":{"line":12,"column":0},"end":{"line":12,"column":49}},"7":{"start":{"line":13,"column":0},"end":{"line":13,"column":27}},"8":{"start":{"line":14,"column":0},"end":{"line":14,"column":27}},"9":{"start":{"line":16,"column":0},"end":{"line":16,"column":43}},"10":{"start":{"line":18,"column":12},"end":{"line":18,"column":14}},"11":{"start":{"line":19,"column":24},"end":{"line":19,"column":34}},"12":{"start":{"line":20,"column":29},"end":{"line":20,"column":32}},"13":{"start":{"line":21,"column":37},"end":{"line":21,"column":61}},"14":{"start":{"line":23,"column":0},"end":{"line":23,"column":67}},"15":{"start":{"line":23,"column":38},"end":{"line":23,"column":43}},"16":{"start":{"line":43,"column":4},"end":{"line":43,"column":null}},"17":{"start":{"line":38,"column":10},"end":{"line":38,"column":null}},"18":{"start":{"line":275,"column":10},"end":{"line":293,"column":null}},"19":{"start":{"line":276,"column":10},"end":{"line":276,"column":12}},"20":{"start":{"line":276,"column":12},"end":{"line":276,"column":20}},"21":{"start":{"line":276,"column":22},"end":{"line":276,"column":42}},"22":{"start":{"line":277,"column":10},"end":{"line":277,"column":12}},"23":{"start":{"line":277,"column":12},"end":{"line":277,"column":26}},"24":{"start":{"line":277,"column":28},"end":{"line":277,"column":40}},"25":{"start":{"line":277,"column":42},"end":{"line":277,"column":67}},"26":{"start":{"line":278,"column":18},"end":{"line":278,"column":48}},"27":{"start":{"line":282,"column":4},"end":{"line":288,"column":null}},"28":{"start":{"line":283,"column":6},"end":{"line":283,"column":null}},"29":{"start":{"line":284,"column":6},"end":{"line":284,"column":null}},"30":{"start":{"line":286,"column":6},"end":{"line":286,"column":null}},"31":{"start":{"line":287,"column":6},"end":{"line":287,"column":null}},"32":{"start":{"line":290,"column":23},"end":{"line":290,"column":70}},"33":{"start":{"line":291,"column":4},"end":{"line":291,"column":null}},"34":{"start":{"line":291,"column":45},"end":{"line":291,"column":82}},"35":{"start":{"line":292,"column":4},"end":{"line":292,"column":null}},"36":{"start":{"line":44,"column":4},"end":{"line":44,"column":null}},"37":{"start":{"line":45,"column":4},"end":{"line":45,"column":null}},"38":{"start":{"line":46,"column":4},"end":{"line":46,"column":null}},"39":{"start":{"line":47,"column":4},"end":{"line":47,"column":null}},"40":{"start":{"line":48,"column":4},"end":{"line":48,"column":null}},"41":{"start":{"line":51,"column":9},"end":{"line":67,"column":null}},"42":{"start":{"line":51,"column":2},"end":{"line":51,"column":9}},"43":{"start":{"line":53,"column":4},"end":{"line":53,"column":null}},"44":{"start":{"line":55,"column":4},"end":{"line":57,"column":null}},"45":{"start":{"line":56,"column":6},"end":{"line":56,"column":null}},"46":{"start":{"line":59,"column":4},"end":{"line":66,"column":null}},"47":{"start":{"line":60,"column":23},"end":{"line":60,"column":38}},"48":{"start":{"line":61,"column":6},"end":{"line":65,"column":null}},"49":{"start":{"line":62,"column":8},"end":{"line":62,"column":null}},"50":{"start":{"line":64,"column":8},"end":{"line":64,"column":null}},"51":{"start":{"line":69,"column":9},"end":{"line":73,"column":null}},"52":{"start":{"line":70,"column":4},"end":{"line":70,"column":null}},"53":{"start":{"line":71,"column":4},"end":{"line":71,"column":null}},"54":{"start":{"line":72,"column":4},"end":{"line":72,"column":null}},"55":{"start":{"line":75,"column":9},"end":{"line":85,"column":null}},"56":{"start":{"line":76,"column":10},"end":{"line":76,"column":12}},"57":{"start":{"line":76,"column":12},"end":{"line":76,"column":18}},"58":{"start":{"line":76,"column":20},"end":{"line":76,"column":34}},"59":{"start":{"line":76,"column":36},"end":{"line":76,"column":59}},"60":{"start":{"line":77,"column":10},"end":{"line":77,"column":12}},"61":{"start":{"line":77,"column":12},"end":{"line":77,"column":17}},"62":{"start":{"line":77,"column":19},"end":{"line":77,"column":31}},"63":{"start":{"line":77,"column":33},"end":{"line":77,"column":62}},"64":{"start":{"line":79,"column":4},"end":{"line":84,"column":null}},"65":{"start":{"line":99,"column":10},"end":{"line":108,"column":null}},"66":{"start":{"line":100,"column":21},"end":{"line":105,"column":null}},"67":{"start":{"line":107,"column":4},"end":{"line":107,"column":null}},"68":{"start":{"line":110,"column":10},"end":{"line":115,"column":null}},"69":{"start":{"line":111,"column":12},"end":{"line":111,"column":17}},"70":{"start":{"line":112,"column":12},"end":{"line":112,"column":18}},"71":{"start":{"line":114,"column":4},"end":{"line":114,"column":null}},"72":{"start":{"line":123,"column":10},"end":{"line":131,"column":null}},"73":{"start":{"line":123,"column":2},"end":{"line":123,"column":10}},"74":{"start":{"line":124,"column":4},"end":{"line":126,"column":null}},"75":{"start":{"line":125,"column":6},"end":{"line":125,"column":null}},"76":{"start":{"line":128,"column":12},"end":{"line":128,"column":28}},"77":{"start":{"line":130,"column":4},"end":{"line":130,"column":null}},"78":{"start":{"line":130,"column":43},"end":{"line":130,"column":69}},"79":{"start":{"line":137,"column":10},"end":{"line":149,"column":null}},"80":{"start":{"line":138,"column":12},"end":{"line":138,"column":17}},"81":{"start":{"line":139,"column":16},"end":{"line":139,"column":57}},"82":{"start":{"line":140,"column":18},"end":{"line":140,"column":25}},"83":{"start":{"line":142,"column":4},"end":{"line":148,"column":null}},"84":{"start":{"line":158,"column":10},"end":{"line":210,"column":null}},"85":{"start":{"line":158,"column":2},"end":{"line":158,"column":10}},"86":{"start":{"line":159,"column":10},"end":{"line":159,"column":12}},"87":{"start":{"line":159,"column":12},"end":{"line":159,"column":20}},"88":{"start":{"line":159,"column":22},"end":{"line":159,"column":43}},"89":{"start":{"line":160,"column":16},"end":{"line":160,"column":46}},"90":{"start":{"line":162,"column":4},"end":{"line":164,"column":null}},"91":{"start":{"line":163,"column":6},"end":{"line":163,"column":null}},"92":{"start":{"line":166,"column":10},"end":{"line":166,"column":12}},"93":{"start":{"line":166,"column":12},"end":{"line":166,"column":22}},"94":{"start":{"line":166,"column":24},"end":{"line":166,"column":38}},"95":{"start":{"line":166,"column":40},"end":{"line":166,"column":69}},"96":{"start":{"line":168,"column":26},"end":{"line":171,"column":null}},"97":{"start":{"line":173,"column":27},"end":{"line":176,"column":null}},"98":{"start":{"line":178,"column":4},"end":{"line":186,"column":null}},"99":{"start":{"line":179,"column":6},"end":{"line":185,"column":null}},"100":{"start":{"line":188,"column":25},"end":{"line":188,"column":36}},"101":{"start":{"line":189,"column":24},"end":{"line":189,"column":41}},"102":{"start":{"line":191,"column":4},"end":{"line":209,"column":null}},"103":{"start":{"line":195,"column":10},"end":{"line":205,"column":null}},"104":{"start":{"line":219,"column":10},"end":{"line":226,"column":null}},"105":{"start":{"line":220,"column":4},"end":{"line":220,"column":null}},"106":{"start":{"line":221,"column":12},"end":{"line":221,"column":13}},"107":{"start":{"line":222,"column":4},"end":{"line":222,"column":null}},"108":{"start":{"line":223,"column":4},"end":{"line":225,"column":null}},"109":{"start":{"line":235,"column":10},"end":{"line":247,"column":null}},"110":{"start":{"line":236,"column":10},"end":{"line":236,"column":12}},"111":{"start":{"line":236,"column":12},"end":{"line":236,"column":26}},"112":{"start":{"line":236,"column":28},"end":{"line":236,"column":40}},"113":{"start":{"line":236,"column":42},"end":{"line":236,"column":71}},"114":{"start":{"line":237,"column":12},"end":{"line":237,"column":13}},"115":{"start":{"line":239,"column":19},"end":{"line":239,"column":37}},"116":{"start":{"line":240,"column":22},"end":{"line":240,"column":51}},"117":{"start":{"line":242,"column":4},"end":{"line":246,"column":null}},"118":{"start":{"line":255,"column":10},"end":{"line":267,"column":null}},"119":{"start":{"line":256,"column":4},"end":{"line":256,"column":null}},"120":{"start":{"line":257,"column":10},"end":{"line":257,"column":12}},"121":{"start":{"line":257,"column":12},"end":{"line":257,"column":22}},"122":{"start":{"line":257,"column":24},"end":{"line":257,"column":38}},"123":{"start":{"line":257,"column":40},"end":{"line":257,"column":64}},"124":{"start":{"line":258,"column":22},"end":{"line":258,"column":59}},"125":{"start":{"line":259,"column":23},"end":{"line":259,"column":55}},"126":{"start":{"line":261,"column":4},"end":{"line":266,"column":null}},"127":{"start":{"line":262,"column":6},"end":{"line":262,"column":null}},"128":{"start":{"line":263,"column":6},"end":{"line":263,"column":null}},"129":{"start":{"line":265,"column":6},"end":{"line":265,"column":null}},"130":{"start":{"line":301,"column":10},"end":{"line":308,"column":null}},"131":{"start":{"line":301,"column":2},"end":{"line":301,"column":10}},"132":{"start":{"line":302,"column":12},"end":{"line":302,"column":17}},"133":{"start":{"line":303,"column":10},"end":{"line":303,"column":12}},"134":{"start":{"line":303,"column":12},"end":{"line":303,"column":26}},"135":{"start":{"line":303,"column":28},"end":{"line":303,"column":40}},"136":{"start":{"line":303,"column":42},"end":{"line":303,"column":67}},"137":{"start":{"line":305,"column":21},"end":{"line":305,"column":51}},"138":{"start":{"line":306,"column":23},"end":{"line":306,"column":101}},"139":{"start":{"line":307,"column":4},"end":{"line":307,"column":null}},"140":{"start":{"line":307,"column":45},"end":{"line":307,"column":86}},"141":{"start":{"line":320,"column":10},"end":{"line":328,"column":null}},"142":{"start":{"line":321,"column":12},"end":{"line":321,"column":21}},"143":{"start":{"line":322,"column":23},"end":{"line":322,"column":25}},"144":{"start":{"line":323,"column":24},"end":{"line":323,"column":47}},"145":{"start":{"line":324,"column":4},"end":{"line":326,"column":null}},"146":{"start":{"line":324,"column":17},"end":{"line":324,"column":18}},"147":{"start":{"line":325,"column":6},"end":{"line":325,"column":null}},"148":{"start":{"line":327,"column":4},"end":{"line":327,"column":null}},"149":{"start":{"line":338,"column":10},"end":{"line":348,"column":null}},"150":{"start":{"line":338,"column":2},"end":{"line":338,"column":10}},"151":{"start":{"line":339,"column":4},"end":{"line":342,"column":null}},"152":{"start":{"line":340,"column":6},"end":{"line":340,"column":null}},"153":{"start":{"line":341,"column":6},"end":{"line":341,"column":12}},"154":{"start":{"line":343,"column":4},"end":{"line":345,"column":null}},"155":{"start":{"line":346,"column":4},"end":{"line":346,"column":null}},"156":{"start":{"line":347,"column":4},"end":{"line":347,"column":null}},"157":{"start":{"line":347,"column":45},"end":{"line":347,"column":82}},"158":{"start":{"line":357,"column":10},"end":{"line":368,"column":null}},"159":{"start":{"line":358,"column":12},"end":{"line":358,"column":26}},"160":{"start":{"line":360,"column":4},"end":{"line":367,"column":null}},"161":{"start":{"line":24,"column":16},"end":{"line":24,"column":null}},"162":{"start":{"line":25,"column":16},"end":{"line":36,"column":null}},"163":{"start":{"line":369,"column":0},"end":{"line":369,"column":null}},"164":{"start":{"line":23,"column":21},"end":{"line":23,"column":38}}},"fnMap":{"0":{"name":"(anonymous_8)","decl":{"start":{"line":23,"column":0},"end":{"line":23,"column":21}},"loc":{"start":{"line":23,"column":0},"end":{"line":23,"column":21}}},"1":{"name":"Carousel","decl":{"start":{"line":42,"column":2},"end":{"line":42,"column":14}},"loc":{"start":{"line":42,"column":26},"end":{"line":49,"column":3}}},"2":{"name":"(anonymous_10)","decl":{"start":{"line":275,"column":24},"end":{"line":275,"column":25}},"loc":{"start":{"line":275,"column":45},"end":{"line":293,"column":3}}},"3":{"name":"(anonymous_11)","decl":{"start":{"line":291,"column":39},"end":{"line":291,"column":45}},"loc":{"start":{"line":291,"column":39},"end":{"line":291,"column":49}}},"4":{"name":"(anonymous_12)","decl":{"start":{"line":51,"column":2},"end":{"line":51,"column":9}},"loc":{"start":{"line":51,"column":2},"end":{"line":67,"column":3}}},"5":{"name":"(anonymous_13)","decl":{"start":{"line":55,"column":18},"end":{"line":55,"column":null}},"loc":{"start":{"line":55,"column":18},"end":{"line":57,"column":5}}},"6":{"name":"(anonymous_14)","decl":{"start":{"line":59,"column":50},"end":{"line":59,"column":null}},"loc":{"start":{"line":59,"column":50},"end":{"line":66,"column":5}}},"7":{"name":"(anonymous_15)","decl":{"start":{"line":69,"column":2},"end":{"line":69,"column":9}},"loc":{"start":{"line":69,"column":2},"end":{"line":73,"column":3}}},"8":{"name":"(anonymous_16)","decl":{"start":{"line":75,"column":2},"end":{"line":75,"column":9}},"loc":{"start":{"line":75,"column":2},"end":{"line":85,"column":3}}},"9":{"name":"(anonymous_17)","decl":{"start":{"line":99,"column":2},"end":{"line":99,"column":10}},"loc":{"start":{"line":99,"column":95},"end":{"line":108,"column":3}}},"10":{"name":"(anonymous_18)","decl":{"start":{"line":110,"column":2},"end":{"line":110,"column":10}},"loc":{"start":{"line":110,"column":2},"end":{"line":115,"column":3}}},"11":{"name":"(anonymous_19)","decl":{"start":{"line":123,"column":2},"end":{"line":123,"column":10}},"loc":{"start":{"line":123,"column":2},"end":{"line":131,"column":3}}},"12":{"name":"(anonymous_20)","decl":{"start":{"line":130,"column":37},"end":{"line":130,"column":43}},"loc":{"start":{"line":130,"column":37},"end":{"line":130,"column":47}}},"13":{"name":"(anonymous_21)","decl":{"start":{"line":137,"column":2},"end":{"line":137,"column":10}},"loc":{"start":{"line":137,"column":28},"end":{"line":149,"column":3}}},"14":{"name":"(anonymous_22)","decl":{"start":{"line":158,"column":2},"end":{"line":158,"column":10}},"loc":{"start":{"line":158,"column":2},"end":{"line":210,"column":3}}},"15":{"name":"(anonymous_23)","decl":{"start":{"line":194,"column":38},"end":{"line":194,"column":39}},"loc":{"start":{"line":194,"column":80},"end":{"line":206,"column":9}}},"16":{"name":"(anonymous_24)","decl":{"start":{"line":219,"column":2},"end":{"line":219,"column":10}},"loc":{"start":{"line":219,"column":42},"end":{"line":226,"column":3}}},"17":{"name":"(anonymous_25)","decl":{"start":{"line":235,"column":2},"end":{"line":235,"column":10}},"loc":{"start":{"line":235,"column":41},"end":{"line":247,"column":3}}},"18":{"name":"(anonymous_26)","decl":{"start":{"line":255,"column":2},"end":{"line":255,"column":10}},"loc":{"start":{"line":255,"column":2},"end":{"line":267,"column":3}}},"19":{"name":"(anonymous_27)","decl":{"start":{"line":301,"column":2},"end":{"line":301,"column":10}},"loc":{"start":{"line":301,"column":2},"end":{"line":308,"column":3}}},"20":{"name":"(anonymous_28)","decl":{"start":{"line":307,"column":39},"end":{"line":307,"column":45}},"loc":{"start":{"line":307,"column":39},"end":{"line":307,"column":49}}},"21":{"name":"(anonymous_29)","decl":{"start":{"line":320,"column":2},"end":{"line":320,"column":10}},"loc":{"start":{"line":320,"column":75},"end":{"line":328,"column":3}}},"22":{"name":"(anonymous_30)","decl":{"start":{"line":338,"column":2},"end":{"line":338,"column":10}},"loc":{"start":{"line":338,"column":58},"end":{"line":348,"column":3}}},"23":{"name":"(anonymous_31)","decl":{"start":{"line":347,"column":39},"end":{"line":347,"column":45}},"loc":{"start":{"line":347,"column":39},"end":{"line":347,"column":49}}},"24":{"name":"(anonymous_32)","decl":{"start":{"line":357,"column":2},"end":{"line":357,"column":10}},"loc":{"start":{"line":357,"column":45},"end":{"line":368,"column":3}}}},"branchMap":{"0":{"loc":{"start":{"line":43,"column":4},"end":{"line":43,"column":16}},"type":"binary-expr","locations":[{"start":{"line":43,"column":4},"end":{"line":43,"column":16}},{"start":{"line":43,"column":16},"end":{"line":43,"column":null}}]},"1":{"loc":{"start":{"line":282,"column":4},"end":{"line":288,"column":null}},"type":"if","locations":[{"start":{"line":282,"column":4},"end":{"line":288,"column":null}},{"start":{"line":282,"column":4},"end":{"line":288,"column":null}}]},"2":{"loc":{"start":{"line":283,"column":42},"end":{"line":283,"column":58}},"type":"cond-expr","locations":[{"start":{"line":283,"column":42},"end":{"line":283,"column":58}},{"start":{"line":283,"column":61},"end":{"line":283,"column":62}}]},"3":{"loc":{"start":{"line":286,"column":38},"end":{"line":286,"column":54}},"type":"cond-expr","locations":[{"start":{"line":286,"column":38},"end":{"line":286,"column":54}},{"start":{"line":286,"column":57},"end":{"line":286,"column":62}}]},"4":{"loc":{"start":{"line":292,"column":4},"end":{"line":292,"column":26}},"type":"binary-expr","locations":[{"start":{"line":292,"column":4},"end":{"line":292,"column":26}},{"start":{"line":292,"column":30},"end":{"line":292,"column":54}}]},"5":{"loc":{"start":{"line":56,"column":6},"end":{"line":56,"column":25}},"type":"binary-expr","locations":[{"start":{"line":56,"column":6},"end":{"line":56,"column":25}},{"start":{"line":56,"column":29},"end":{"line":56,"column":44}}]},"6":{"loc":{"start":{"line":61,"column":6},"end":{"line":65,"column":null}},"type":"if","locations":[{"start":{"line":61,"column":6},"end":{"line":65,"column":null}},{"start":{"line":61,"column":6},"end":{"line":65,"column":null}}]},"7":{"loc":{"start":{"line":64,"column":8},"end":{"line":64,"column":27}},"type":"binary-expr","locations":[{"start":{"line":64,"column":8},"end":{"line":64,"column":27}},{"start":{"line":64,"column":31},"end":{"line":64,"column":46}}]},"8":{"loc":{"start":{"line":82,"column":9},"end":{"line":82,"column":17}},"type":"binary-expr","locations":[{"start":{"line":82,"column":9},"end":{"line":82,"column":17}},{"start":{"line":82,"column":21},"end":{"line":82,"column":89}}]},"9":{"loc":{"start":{"line":114,"column":11},"end":{"line":114,"column":24}},"type":"binary-expr","locations":[{"start":{"line":114,"column":11},"end":{"line":114,"column":24}},{"start":{"line":114,"column":28},"end":{"line":114,"column":34}}]},"10":{"loc":{"start":{"line":124,"column":4},"end":{"line":126,"column":null}},"type":"if","locations":[{"start":{"line":124,"column":4},"end":{"line":126,"column":null}},{"start":{"line":124,"column":4},"end":{"line":126,"column":null}}]},"11":{"loc":{"start":{"line":147,"column":40},"end":{"line":147,"column":41}},"type":"cond-expr","locations":[{"start":{"line":147,"column":40},"end":{"line":147,"column":41}},{"start":{"line":147,"column":44},"end":{"line":147,"column":45}}]},"12":{"loc":{"start":{"line":162,"column":4},"end":{"line":164,"column":null}},"type":"if","locations":[{"start":{"line":162,"column":4},"end":{"line":164,"column":null}},{"start":{"line":162,"column":4},"end":{"line":164,"column":null}}]},"13":{"loc":{"start":{"line":178,"column":4},"end":{"line":186,"column":null}},"type":"if","locations":[{"start":{"line":178,"column":4},"end":{"line":186,"column":null}},{"start":{"line":178,"column":4},"end":{"line":186,"column":null}}]},"14":{"loc":{"start":{"line":240,"column":35},"end":{"line":240,"column":42}},"type":"cond-expr","locations":[{"start":{"line":240,"column":35},"end":{"line":240,"column":42}},{"start":{"line":240,"column":45},"end":{"line":240,"column":51}}]},"15":{"loc":{"start":{"line":256,"column":4},"end":{"line":256,"column":23}},"type":"binary-expr","locations":[{"start":{"line":256,"column":4},"end":{"line":256,"column":23}},{"start":{"line":256,"column":27},"end":{"line":256,"column":42}}]},"16":{"loc":{"start":{"line":261,"column":4},"end":{"line":266,"column":null}},"type":"if","locations":[{"start":{"line":261,"column":4},"end":{"line":266,"column":null}},{"start":{"line":261,"column":4},"end":{"line":266,"column":null}}]},"17":{"loc":{"start":{"line":262,"column":6},"end":{"line":262,"column":29}},"type":"binary-expr","locations":[{"start":{"line":262,"column":6},"end":{"line":262,"column":29}},{"start":{"line":262,"column":33},"end":{"line":262,"column":58}}]},"18":{"loc":{"start":{"line":339,"column":4},"end":{"line":342,"column":null}},"type":"if","locations":[{"start":{"line":339,"column":4},"end":{"line":342,"column":null}},{"start":{"line":339,"column":4},"end":{"line":342,"column":null}}]}},"s":{"0":1,"1":1,"2":1,"3":1,"4":1,"5":1,"6":1,"7":1,"8":1,"9":1,"10":1,"11":1,"12":1,"13":1,"14":1,"15":1,"16":1,"17":1,"18":1,"19":0,"20":0,"21":0,"22":0,"23":0,"24":0,"25":0,"26":0,"27":0,"28":0,"29":0,"30":0,"31":0,"32":0,"33":0,"34":0,"35":0,"36":1,"37":1,"38":1,"39":1,"40":1,"41":1,"42":0,"43":0,"44":0,"45":0,"46":0,"47":0,"48":0,"49":0,"50":0,"51":1,"52":0,"53":0,"54":0,"55":1,"56":1,"57":1,"58":1,"59":1,"60":1,"61":1,"62":1,"63":1,"64":1,"65":1,"66":1,"67":1,"68":1,"69":0,"70":0,"71":0,"72":1,"73":0,"74":0,"75":0,"76":0,"77":0,"78":0,"79":1,"80":0,"81":0,"82":0,"83":0,"84":1,"85":1,"86":1,"87":1,"88":1,"89":1,"90":1,"91":0,"92":1,"93":1,"94":1,"95":1,"96":1,"97":1,"98":1,"99":1,"100":0,"101":0,"102":0,"103":0,"104":1,"105":0,"106":0,"107":0,"108":0,"109":1,"110":0,"111":0,"112":0,"113":0,"114":0,"115":0,"116":0,"117":0,"118":1,"119":0,"120":0,"121":0,"122":0,"123":0,"124":0,"125":0,"126":0,"127":0,"128":0,"129":0,"130":1,"131":0,"132":0,"133":0,"134":0,"135":0,"136":0,"137":0,"138":0,"139":0,"140":0,"141":1,"142":0,"143":0,"144":0,"145":0,"146":0,"147":0,"148":0,"149":1,"150":0,"151":0,"152":0,"153":0,"154":0,"155":0,"156":0,"157":0,"158":1,"159":0,"160":0,"161":1,"162":1,"163":1,"164":1},"f":{"0":1,"1":1,"2":0,"3":0,"4":0,"5":0,"6":0,"7":0,"8":1,"9":1,"10":0,"11":0,"12":0,"13":0,"14":1,"15":0,"16":0,"17":0,"18":0,"19":0,"20":0,"21":0,"22":0,"23":0,"24":0},"b":{"0":[1,1],"1":[0,0],"2":[0,0],"3":[0,0],"4":[0,0],"5":[0,0],"6":[0,0],"7":[0,0],"8":[1,1],"9":[0,0],"10":[0,0],"11":[0,0],"12":[0,1],"13":[1,0],"14":[0,0],"15":[0,0],"16":[0,0],"17":[0,0],"18":[0,0]}}
,"/Users/wuxiao/wuxiao-desktop/weisuoke/react/rc-carousel-demo/src/props.ts": {"path":"/Users/wuxiao/wuxiao-desktop/weisuoke/react/rc-carousel-demo/src/props.ts","statementMap":{"0":{"start":{"line":1,"column":0},"end":{"line":1,"column":null}},"1":{"start":{"line":2,"column":9},"end":{"line":2,"column":null}},"2":{"start":{"line":3,"column":9},"end":{"line":3,"column":null}},"3":{"start":{"line":4,"column":9},"end":{"line":4,"column":null}},"4":{"start":{"line":5,"column":9},"end":{"line":5,"column":null}},"5":{"start":{"line":6,"column":9},"end":{"line":6,"column":null}},"6":{"start":{"line":7,"column":9},"end":{"line":7,"column":null}},"7":{"start":{"line":11,"column":9},"end":{"line":11,"column":null}},"8":{"start":{"line":12,"column":0},"end":{"line":12,"column":null}}},"fnMap":{"0":{"name":"(anonymous_0)","decl":{"start":{"line":1,"column":0},"end":{"line":1,"column":null}},"loc":{"start":{"line":1,"column":0},"end":{"line":12,"column":null}}}},"branchMap":{},"s":{"0":1,"1":1,"2":1,"3":1,"4":1,"5":1,"6":1,"7":1,"8":1},"f":{"0":2},"b":{}}
,"/Users/wuxiao/wuxiao-desktop/weisuoke/react/rc-carousel-demo/src/state.ts": {"path":"/Users/wuxiao/wuxiao-desktop/weisuoke/react/rc-carousel-demo/src/state.ts","statementMap":{"0":{"start":{"line":3,"column":0},"end":{"line":3,"column":null}},"1":{"start":{"line":4,"column":9},"end":{"line":4,"column":null}},"2":{"start":{"line":13,"column":0},"end":{"line":13,"column":null}}},"fnMap":{"0":{"name":"(anonymous_0)","decl":{"start":{"line":3,"column":0},"end":{"line":3,"column":null}},"loc":{"start":{"line":3,"column":0},"end":{"line":13,"column":null}}}},"branchMap":{},"s":{"0":1,"1":1,"2":1},"f":{"0":2},"b":{}}
,"/Users/wuxiao/wuxiao-desktop/weisuoke/react/rc-carousel-demo/src/animation/index.ts": {"path":"/Users/wuxiao/wuxiao-desktop/weisuoke/react/rc-carousel-demo/src/animation/index.ts","statementMap":{"0":{"start":{"line":2,"column":37},"end":{"line":9,"column":1}},"1":{"start":{"line":3,"column":12},"end":{"line":3,"column":18}},"2":{"start":{"line":4,"column":2},"end":{"line":8,"column":null}},"3":{"start":{"line":5,"column":4},"end":{"line":5,"column":null}},"4":{"start":{"line":7,"column":4},"end":{"line":7,"column":null}},"5":{"start":{"line":11,"column":40},"end":{"line":35,"column":1}},"6":{"start":{"line":12,"column":12},"end":{"line":12,"column":18}},"7":{"start":{"line":13,"column":10},"end":{"line":13,"column":17}},"8":{"start":{"line":14,"column":10},"end":{"line":14,"column":11}},"9":{"start":{"line":15,"column":10},"end":{"line":15,"column":11}},"10":{"start":{"line":16,"column":2},"end":{"line":20,"column":null}},"11":{"start":{"line":17,"column":4},"end":{"line":17,"column":null}},"12":{"start":{"line":18,"column":9},"end":{"line":20,"column":null}},"13":{"start":{"line":19,"column":4},"end":{"line":19,"column":null}},"14":{"start":{"line":21,"column":2},"end":{"line":23,"column":null}},"15":{"start":{"line":22,"column":4},"end":{"line":22,"column":null}},"16":{"start":{"line":24,"column":2},"end":{"line":29,"column":null}},"17":{"start":{"line":25,"column":4},"end":{"line":25,"column":null}},"18":{"start":{"line":26,"column":4},"end":{"line":26,"column":null}},"19":{"start":{"line":28,"column":4},"end":{"line":28,"column":null}},"20":{"start":{"line":30,"column":2},"end":{"line":34,"column":null}},"21":{"start":{"line":31,"column":4},"end":{"line":31,"column":null}},"22":{"start":{"line":33,"column":4},"end":{"line":33,"column":null}},"23":{"start":{"line":37,"column":37},"end":{"line":44,"column":1}},"24":{"start":{"line":38,"column":12},"end":{"line":38,"column":18}},"25":{"start":{"line":39,"column":2},"end":{"line":43,"column":null}},"26":{"start":{"line":40,"column":4},"end":{"line":40,"column":null}},"27":{"start":{"line":42,"column":4},"end":{"line":42,"column":null}},"28":{"start":{"line":46,"column":37},"end":{"line":59,"column":1}},"29":{"start":{"line":47,"column":12},"end":{"line":47,"column":18}},"30":{"start":{"line":48,"column":2},"end":{"line":50,"column":null}},"31":{"start":{"line":49,"column":4},"end":{"line":49,"column":null}},"32":{"start":{"line":51,"column":2},"end":{"line":53,"column":null}},"33":{"start":{"line":52,"column":4},"end":{"line":52,"column":null}},"34":{"start":{"line":54,"column":2},"end":{"line":58,"column":null}},"35":{"start":{"line":55,"column":4},"end":{"line":55,"column":null}},"36":{"start":{"line":57,"column":4},"end":{"line":57,"column":null}},"37":{"start":{"line":61,"column":38},"end":{"line":68,"column":1}},"38":{"start":{"line":62,"column":12},"end":{"line":62,"column":18}},"39":{"start":{"line":63,"column":2},"end":{"line":67,"column":null}},"40":{"start":{"line":64,"column":4},"end":{"line":64,"column":null}},"41":{"start":{"line":66,"column":4},"end":{"line":66,"column":null}},"42":{"start":{"line":70,"column":38},"end":{"line":77,"column":1}},"43":{"start":{"line":71,"column":12},"end":{"line":71,"column":18}},"44":{"start":{"line":72,"column":2},"end":{"line":76,"column":null}},"45":{"start":{"line":73,"column":4},"end":{"line":73,"column":null}},"46":{"start":{"line":75,"column":4},"end":{"line":75,"column":null}},"47":{"start":{"line":79,"column":30},"end":{"line":82,"column":1}},"48":{"start":{"line":80,"column":12},"end":{"line":80,"column":18}},"49":{"start":{"line":81,"column":2},"end":{"line":81,"column":null}},"50":{"start":{"line":84,"column":38},"end":{"line":91,"column":1}},"51":{"start":{"line":85,"column":12},"end":{"line":85,"column":18}},"52":{"start":{"line":86,"column":2},"end":{"line":90,"column":null}},"53":{"start":{"line":87,"column":4},"end":{"line":87,"column":null}},"54":{"start":{"line":89,"column":4},"end":{"line":89,"column":null}},"55":{"start":{"line":93,"column":13},"end":{"line":102,"column":null}}},"fnMap":{"0":{"name":"(anonymous_0)","decl":{"start":{"line":2,"column":37},"end":{"line":2,"column":38}},"loc":{"start":{"line":2,"column":49},"end":{"line":9,"column":1}}},"1":{"name":"(anonymous_1)","decl":{"start":{"line":11,"column":40},"end":{"line":11,"column":41}},"loc":{"start":{"line":11,"column":52},"end":{"line":35,"column":1}}},"2":{"name":"(anonymous_2)","decl":{"start":{"line":37,"column":37},"end":{"line":37,"column":38}},"loc":{"start":{"line":37,"column":49},"end":{"line":44,"column":1}}},"3":{"name":"(anonymous_3)","decl":{"start":{"line":46,"column":37},"end":{"line":46,"column":38}},"loc":{"start":{"line":46,"column":49},"end":{"line":59,"column":1}}},"4":{"name":"(anonymous_4)","decl":{"start":{"line":61,"column":38},"end":{"line":61,"column":39}},"loc":{"start":{"line":61,"column":50},"end":{"line":68,"column":1}}},"5":{"name":"(anonymous_5)","decl":{"start":{"line":70,"column":38},"end":{"line":70,"column":39}},"loc":{"start":{"line":70,"column":50},"end":{"line":77,"column":1}}},"6":{"name":"(anonymous_6)","decl":{"start":{"line":79,"column":30},"end":{"line":79,"column":31}},"loc":{"start":{"line":79,"column":42},"end":{"line":82,"column":1}}},"7":{"name":"(anonymous_7)","decl":{"start":{"line":84,"column":38},"end":{"line":84,"column":39}},"loc":{"start":{"line":84,"column":50},"end":{"line":91,"column":1}}}},"branchMap":{"0":{"loc":{"start":{"line":4,"column":2},"end":{"line":8,"column":null}},"type":"if","locations":[{"start":{"line":4,"column":2},"end":{"line":8,"column":null}},{"start":{"line":4,"column":2},"end":{"line":8,"column":null}}]},"1":{"loc":{"start":{"line":16,"column":2},"end":{"line":20,"column":null}},"type":"if","locations":[{"start":{"line":16,"column":2},"end":{"line":20,"column":null}},{"start":{"line":16,"column":2},"end":{"line":20,"column":null}}]},"2":{"loc":{"start":{"line":18,"column":9},"end":{"line":20,"column":null}},"type":"if","locations":[{"start":{"line":18,"column":9},"end":{"line":20,"column":null}},{"start":{"line":18,"column":9},"end":{"line":20,"column":null}}]},"3":{"loc":{"start":{"line":21,"column":2},"end":{"line":23,"column":null}},"type":"if","locations":[{"start":{"line":21,"column":2},"end":{"line":23,"column":null}},{"start":{"line":21,"column":2},"end":{"line":23,"column":null}}]},"4":{"loc":{"start":{"line":24,"column":2},"end":{"line":29,"column":null}},"type":"if","locations":[{"start":{"line":24,"column":2},"end":{"line":29,"column":null}},{"start":{"line":24,"column":2},"end":{"line":29,"column":null}}]},"5":{"loc":{"start":{"line":30,"column":2},"end":{"line":34,"column":null}},"type":"if","locations":[{"start":{"line":30,"column":2},"end":{"line":34,"column":null}},{"start":{"line":30,"column":2},"end":{"line":34,"column":null}}]},"6":{"loc":{"start":{"line":39,"column":2},"end":{"line":43,"column":null}},"type":"if","locations":[{"start":{"line":39,"column":2},"end":{"line":43,"column":null}},{"start":{"line":39,"column":2},"end":{"line":43,"column":null}}]},"7":{"loc":{"start":{"line":48,"column":2},"end":{"line":50,"column":null}},"type":"if","locations":[{"start":{"line":48,"column":2},"end":{"line":50,"column":null}},{"start":{"line":48,"column":2},"end":{"line":50,"column":null}}]},"8":{"loc":{"start":{"line":51,"column":2},"end":{"line":53,"column":null}},"type":"if","locations":[{"start":{"line":51,"column":2},"end":{"line":53,"column":null}},{"start":{"line":51,"column":2},"end":{"line":53,"column":null}}]},"9":{"loc":{"start":{"line":54,"column":2},"end":{"line":58,"column":null}},"type":"if","locations":[{"start":{"line":54,"column":2},"end":{"line":58,"column":null}},{"start":{"line":54,"column":2},"end":{"line":58,"column":null}}]},"10":{"loc":{"start":{"line":63,"column":2},"end":{"line":67,"column":null}},"type":"if","locations":[{"start":{"line":63,"column":2},"end":{"line":67,"column":null}},{"start":{"line":63,"column":2},"end":{"line":67,"column":null}}]},"11":{"loc":{"start":{"line":72,"column":2},"end":{"line":76,"column":null}},"type":"if","locations":[{"start":{"line":72,"column":2},"end":{"line":76,"column":null}},{"start":{"line":72,"column":2},"end":{"line":76,"column":null}}]},"12":{"loc":{"start":{"line":86,"column":2},"end":{"line":90,"column":null}},"type":"if","locations":[{"start":{"line":86,"column":2},"end":{"line":90,"column":null}},{"start":{"line":86,"column":2},"end":{"line":90,"column":null}}]}},"s":{"0":1,"1":0,"2":0,"3":0,"4":0,"5":1,"6":0,"7":0,"8":0,"9":0,"10":0,"11":0,"12":0,"13":0,"14":0,"15":0,"16":0,"17":0,"18":0,"19":0,"20":0,"21":0,"22":0,"23":1,"24":0,"25":0,"26":0,"27":0,"28":1,"29":0,"30":0,"31":0,"32":0,"33":0,"34":0,"35":0,"36":0,"37":1,"38":0,"39":0,"40":0,"41":0,"42":1,"43":0,"44":0,"45":0,"46":0,"47":1,"48":0,"49":0,"50":1,"51":0,"52":0,"53":0,"54":0,"55":1},"f":{"0":0,"1":0,"2":0,"3":0,"4":0,"5":0,"6":0,"7":0},"b":{"0":[0,0],"1":[0,0],"2":[0,0],"3":[0,0],"4":[0,0],"5":[0,0],"6":[0,0],"7":[0,0],"8":[0,0],"9":[0,0],"10":[0,0],"11":[0,0],"12":[0,0]}}
,"/Users/wuxiao/wuxiao-desktop/weisuoke/react/rc-carousel-demo/src/component/Dot.tsx": {"path":"/Users/wuxiao/wuxiao-desktop/weisuoke/react/rc-carousel-demo/src/component/Dot.tsx","statementMap":{"0":{"start":{"line":1,"column":0},"end":{"line":1,"column":30}},"1":{"start":{"line":2,"column":0},"end":{"line":2,"column":53}},"2":{"start":{"line":4,"column":13},"end":{"line":11,"column":null}},"3":{"start":{"line":9,"column":31},"end":{"line":9,"column":null}},"4":{"start":{"line":11,"column":22},"end":{"line":11,"column":null}},"5":{"start":{"line":15,"column":13},"end":{"line":17,"column":null}},"6":{"start":{"line":17,"column":20},"end":{"line":17,"column":null}},"7":{"start":{"line":24,"column":112},"end":{"line":43,"column":1}},"8":{"start":{"line":25,"column":2},"end":{"line":25,"column":7}},"9":{"start":{"line":26,"column":2},"end":{"line":26,"column":14}},"10":{"start":{"line":27,"column":2},"end":{"line":27,"column":7}},"11":{"start":{"line":28,"column":2},"end":{"line":28,"column":16}},"12":{"start":{"line":30,"column":2},"end":{"line":42,"column":null}},"13":{"start":{"line":31,"column":4},"end":{"line":31,"column":null}},"14":{"start":{"line":33,"column":16},"end":{"line":33,"column":25}},"15":{"start":{"line":34,"column":16},"end":{"line":34,"column":49}},"16":{"start":{"line":35,"column":4},"end":{"line":41,"column":null}},"17":{"start":{"line":38,"column":10},"end":{"line":38,"column":null}},"18":{"start":{"line":44,"column":0},"end":{"line":44,"column":null}}},"fnMap":{"0":{"name":"(anonymous_1)","decl":{"start":{"line":9,"column":22},"end":{"line":9,"column":27}},"loc":{"start":{"line":9,"column":27},"end":{"line":9,"column":32}}},"1":{"name":"(anonymous_2)","decl":{"start":{"line":11,"column":13},"end":{"line":11,"column":18}},"loc":{"start":{"line":11,"column":18},"end":{"line":11,"column":23}}},"2":{"name":"(anonymous_3)","decl":{"start":{"line":17,"column":11},"end":{"line":17,"column":16}},"loc":{"start":{"line":17,"column":16},"end":{"line":17,"column":25}}},"3":{"name":"(anonymous_4)","decl":{"start":{"line":24,"column":112},"end":{"line":24,"column":113}},"loc":{"start":{"line":29,"column":1},"end":{"line":43,"column":1}}},"4":{"name":"(anonymous_5)","decl":{"start":{"line":37,"column":17},"end":{"line":37,"column":18}},"loc":{"start":{"line":37,"column":24},"end":{"line":39,"column":9}}}},"branchMap":{"0":{"loc":{"start":{"line":4,"column":51},"end":{"line":4,"column":99}},"type":"binary-expr","locations":[{"start":{"line":4,"column":51},"end":{"line":4,"column":99}},{"start":{"line":4,"column":51},"end":{"line":13,"column":null}}]},"1":{"loc":{"start":{"line":9,"column":49},"end":{"line":9,"column":82}},"type":"cond-expr","locations":[{"start":{"line":9,"column":49},"end":{"line":9,"column":82}},{"start":{"line":9,"column":85},"end":{"line":9,"column":91}}]},"2":{"loc":{"start":{"line":9,"column":49},"end":{"line":9,"column":69}},"type":"binary-expr","locations":[{"start":{"line":9,"column":49},"end":{"line":9,"column":69}},{"start":{"line":9,"column":73},"end":{"line":9,"column":82}}]},"3":{"loc":{"start":{"line":11,"column":40},"end":{"line":11,"column":41}},"type":"cond-expr","locations":[{"start":{"line":11,"column":40},"end":{"line":11,"column":41}},{"start":{"line":11,"column":44},"end":{"line":11,"column":47}}]},"4":{"loc":{"start":{"line":15,"column":57},"end":{"line":15,"column":76}},"type":"binary-expr","locations":[{"start":{"line":15,"column":57},"end":{"line":15,"column":76}},{"start":{"line":15,"column":57},"end":{"line":22,"column":null}}]},"5":{"loc":{"start":{"line":30,"column":2},"end":{"line":42,"column":null}},"type":"if","locations":[{"start":{"line":30,"column":2},"end":{"line":42,"column":null}},{"start":{"line":30,"column":2},"end":{"line":42,"column":null}}]},"6":{"loc":{"start":{"line":30,"column":6},"end":{"line":30,"column":25}},"type":"binary-expr","locations":[{"start":{"line":30,"column":6},"end":{"line":30,"column":25}},{"start":{"line":30,"column":29},"end":{"line":30,"column":38}}]}},"s":{"0":2,"1":2,"2":2,"3":4,"4":4,"5":2,"6":1,"7":2,"8":2,"9":2,"10":2,"11":2,"12":2,"13":1,"14":1,"15":1,"16":1,"17":3,"18":2},"f":{"0":4,"1":4,"2":1,"3":2,"4":3},"b":{"0":[2,2],"1":[2,2],"2":[2,1],"3":[2,2],"4":[2,2],"5":[1,1],"6":[2,1]}}
,"/Users/wuxiao/wuxiao-desktop/weisuoke/react/rc-carousel-demo/src/component/Frame.ts": {"path":"/Users/wuxiao/wuxiao-desktop/weisuoke/react/rc-carousel-demo/src/component/Frame.ts","statementMap":{"0":{"start":{"line":1,"column":0},"end":{"line":1,"column":53}},"1":{"start":{"line":3,"column":13},"end":{"line":6,"column":null}},"2":{"start":{"line":6,"column":21},"end":{"line":6,"column":null}}},"fnMap":{"0":{"name":"(anonymous_1)","decl":{"start":{"line":6,"column":12},"end":{"line":6,"column":17}},"loc":{"start":{"line":6,"column":17},"end":{"line":6,"column":26}}}},"branchMap":{"0":{"loc":{"start":{"line":3,"column":52},"end":{"line":3,"column":72}},"type":"binary-expr","locations":[{"start":{"line":3,"column":52},"end":{"line":3,"column":72}},{"start":{"line":3,"column":52},"end":{"line":10,"column":null}}]}},"s":{"0":2,"1":2,"2":2},"f":{"0":2},"b":{"0":[2,2]}}
,"/Users/wuxiao/wuxiao-desktop/weisuoke/react/rc-carousel-demo/src/component/SlideItem.ts": {"path":"/Users/wuxiao/wuxiao-desktop/weisuoke/react/rc-carousel-demo/src/component/SlideItem.ts","statementMap":{"0":{"start":{"line":1,"column":0},"end":{"line":1,"column":53}},"1":{"start":{"line":3,"column":13},"end":{"line":6,"column":null}},"2":{"start":{"line":6,"column":20},"end":{"line":6,"column":null}}},"fnMap":{"0":{"name":"(anonymous_1)","decl":{"start":{"line":6,"column":11},"end":{"line":6,"column":16}},"loc":{"start":{"line":6,"column":16},"end":{"line":6,"column":25}}}},"branchMap":{"0":{"loc":{"start":{"line":3,"column":56},"end":{"line":3,"column":75}},"type":"binary-expr","locations":[{"start":{"line":3,"column":56},"end":{"line":3,"column":75}},{"start":{"line":3,"column":56},"end":{"line":7,"column":null}}]}},"s":{"0":2,"1":2,"2":2},"f":{"0":2},"b":{"0":[2,2]}}
,"/Users/wuxiao/wuxiao-desktop/weisuoke/react/rc-carousel-demo/src/component/SlideList.ts": {"path":"/Users/wuxiao/wuxiao-desktop/weisuoke/react/rc-carousel-demo/src/component/SlideList.ts","statementMap":{"0":{"start":{"line":1,"column":0},"end":{"line":1,"column":53}},"1":{"start":{"line":8,"column":13},"end":{"line":17,"column":null}},"2":{"start":{"line":9,"column":36},"end":{"line":12,"column":null}}},"fnMap":{"0":{"name":"(anonymous_1)","decl":{"start":{"line":9,"column":9},"end":{"line":9,"column":10}},"loc":{"start":{"line":9,"column":31},"end":{"line":9,"column":37}}}},"branchMap":{"0":{"loc":{"start":{"line":13,"column":2},"end":{"line":13,"column":null}},"type":"binary-expr","locations":[{"start":{"line":13,"column":2},"end":{"line":13,"column":null}},{"start":{"line":13,"column":2},"end":{"line":17,"column":null}}]}},"s":{"0":2,"1":2,"2":0},"f":{"0":0},"b":{"0":[2,2]}}
,"/Users/wuxiao/wuxiao-desktop/weisuoke/react/rc-carousel-demo/src/utils/index.tsx": {"path":"/Users/wuxiao/wuxiao-desktop/weisuoke/react/rc-carousel-demo/src/utils/index.tsx","statementMap":{"0":{"start":{"line":3,"column":13},"end":{"line":17,"column":null}},"1":{"start":{"line":4,"column":2},"end":{"line":11,"column":null}},"2":{"start":{"line":5,"column":10},"end":{"line":5,"column":12}},"3":{"start":{"line":5,"column":12},"end":{"line":5,"column":17}},"4":{"start":{"line":5,"column":19},"end":{"line":5,"column":41}},"5":{"start":{"line":7,"column":4},"end":{"line":10,"column":null}},"6":{"start":{"line":13,"column":2},"end":{"line":16,"column":null}}},"fnMap":{"0":{"name":"(anonymous_0)","decl":{"start":{"line":3,"column":27},"end":{"line":3,"column":28}},"loc":{"start":{"line":3,"column":47},"end":{"line":17,"column":1}}}},"branchMap":{"0":{"loc":{"start":{"line":4,"column":2},"end":{"line":11,"column":null}},"type":"if","locations":[{"start":{"line":4,"column":2},"end":{"line":11,"column":null}},{"start":{"line":4,"column":2},"end":{"line":11,"column":null}}]}},"s":{"0":2,"1":2,"2":1,"3":1,"4":1,"5":1,"6":1},"f":{"0":2},"b":{"0":[1,1]}}
}
