TN:
SF:src/index.tsx
FN:23,(anonymous_8)
FN:42,Carousel
FN:275,(anonymous_10)
FN:291,(anonymous_11)
FN:51,(anonymous_12)
FN:55,(anonymous_13)
FN:59,(anonymous_14)
FN:69,(anonymous_15)
FN:75,(anonymous_16)
FN:99,(anonymous_17)
FN:110,(anonymous_18)
FN:123,(anonymous_19)
FN:130,(anonymous_20)
FN:137,(anonymous_21)
FN:158,(anonymous_22)
FN:194,(anonymous_23)
FN:219,(anonymous_24)
FN:235,(anonymous_25)
FN:255,(anonymous_26)
FN:301,(anonymous_27)
FN:307,(anonymous_28)
FN:320,(anonymous_29)
FN:338,(anonymous_30)
FN:347,(anonymous_31)
FN:357,(anonymous_32)
FNF:25
FNH:5
FNDA:1,(anonymous_8)
FNDA:1,Carousel
FNDA:0,(anonymous_10)
FNDA:0,(anonymous_11)
FNDA:0,(anonymous_12)
FNDA:0,(anonymous_13)
FNDA:0,(anonymous_14)
FNDA:0,(anonymous_15)
FNDA:1,(anonymous_16)
FNDA:1,(anonymous_17)
FNDA:0,(anonymous_18)
FNDA:0,(anonymous_19)
FNDA:0,(anonymous_20)
FNDA:0,(anonymous_21)
FNDA:1,(anonymous_22)
FNDA:0,(anonymous_23)
FNDA:0,(anonymous_24)
FNDA:0,(anonymous_25)
FNDA:0,(anonymous_26)
FNDA:0,(anonymous_27)
FNDA:0,(anonymous_28)
FNDA:0,(anonymous_29)
FNDA:0,(anonymous_30)
FNDA:0,(anonymous_31)
FNDA:0,(anonymous_32)
DA:5,1
DA:6,1
DA:8,1
DA:9,1
DA:10,1
DA:11,1
DA:12,1
DA:13,1
DA:14,1
DA:16,1
DA:18,1
DA:19,1
DA:20,1
DA:21,1
DA:23,1
DA:24,1
DA:25,1
DA:38,1
DA:43,1
DA:44,1
DA:45,1
DA:46,1
DA:47,1
DA:48,1
DA:51,1
DA:53,0
DA:55,0
DA:56,0
DA:59,0
DA:60,0
DA:61,0
DA:62,0
DA:64,0
DA:69,1
DA:70,0
DA:71,0
DA:72,0
DA:75,1
DA:76,1
DA:77,1
DA:79,1
DA:99,1
DA:100,1
DA:107,1
DA:110,1
DA:111,0
DA:112,0
DA:114,0
DA:123,1
DA:124,0
DA:125,0
DA:128,0
DA:130,0
DA:137,1
DA:138,0
DA:139,0
DA:140,0
DA:142,0
DA:158,1
DA:159,1
DA:160,1
DA:162,1
DA:163,0
DA:166,1
DA:168,1
DA:173,1
DA:178,1
DA:179,1
DA:188,0
DA:189,0
DA:191,0
DA:195,0
DA:219,1
DA:220,0
DA:221,0
DA:222,0
DA:223,0
DA:235,1
DA:236,0
DA:237,0
DA:239,0
DA:240,0
DA:242,0
DA:255,1
DA:256,0
DA:257,0
DA:258,0
DA:259,0
DA:261,0
DA:262,0
DA:263,0
DA:265,0
DA:275,1
DA:276,0
DA:277,0
DA:278,0
DA:282,0
DA:283,0
DA:284,0
DA:286,0
DA:287,0
DA:290,0
DA:291,0
DA:292,0
DA:301,1
DA:302,0
DA:303,0
DA:305,0
DA:306,0
DA:307,0
DA:320,1
DA:321,0
DA:322,0
DA:323,0
DA:324,0
DA:325,0
DA:327,0
DA:338,1
DA:339,0
DA:340,0
DA:341,0
DA:343,0
DA:346,0
DA:347,0
DA:357,1
DA:358,0
DA:360,0
DA:369,1
LF:128
LH:54
BRDA:43,0,0,1
BRDA:43,0,1,1
BRDA:282,1,0,0
BRDA:282,1,1,0
BRDA:283,2,0,0
BRDA:283,2,1,0
BRDA:286,3,0,0
BRDA:286,3,1,0
BRDA:292,4,0,0
BRDA:292,4,1,0
BRDA:56,5,0,0
BRDA:56,5,1,0
BRDA:61,6,0,0
BRDA:61,6,1,0
BRDA:64,7,0,0
BRDA:64,7,1,0
BRDA:82,8,0,1
BRDA:82,8,1,1
BRDA:114,9,0,0
BRDA:114,9,1,0
BRDA:124,10,0,0
BRDA:124,10,1,0
BRDA:147,11,0,0
BRDA:147,11,1,0
BRDA:162,12,0,0
BRDA:162,12,1,1
BRDA:178,13,0,1
BRDA:178,13,1,0
BRDA:240,14,0,0
BRDA:240,14,1,0
BRDA:256,15,0,0
BRDA:256,15,1,0
BRDA:261,16,0,0
BRDA:261,16,1,0
BRDA:262,17,0,0
BRDA:262,17,1,0
BRDA:339,18,0,0
BRDA:339,18,1,0
BRF:38
BRH:6
end_of_record
TN:
SF:src/props.ts
FN:1,(anonymous_0)
FNF:1
FNH:1
FNDA:2,(anonymous_0)
DA:1,1
DA:2,1
DA:3,1
DA:4,1
DA:5,1
DA:6,1
DA:7,1
DA:11,1
DA:12,1
LF:9
LH:9
BRF:0
BRH:0
end_of_record
TN:
SF:src/state.ts
FN:3,(anonymous_0)
FNF:1
FNH:1
FNDA:2,(anonymous_0)
DA:3,1
DA:4,1
DA:13,1
LF:3
LH:3
BRF:0
BRH:0
end_of_record
TN:
SF:src/animation/index.ts
FN:2,(anonymous_0)
FN:11,(anonymous_1)
FN:37,(anonymous_2)
FN:46,(anonymous_3)
FN:61,(anonymous_4)
FN:70,(anonymous_5)
FN:79,(anonymous_6)
FN:84,(anonymous_7)
FNF:8
FNH:0
FNDA:0,(anonymous_0)
FNDA:0,(anonymous_1)
FNDA:0,(anonymous_2)
FNDA:0,(anonymous_3)
FNDA:0,(anonymous_4)
FNDA:0,(anonymous_5)
FNDA:0,(anonymous_6)
FNDA:0,(anonymous_7)
DA:2,1
DA:3,0
DA:4,0
DA:5,0
DA:7,0
DA:11,1
DA:12,0
DA:13,0
DA:14,0
DA:15,0
DA:16,0
DA:17,0
DA:18,0
DA:19,0
DA:21,0
DA:22,0
DA:24,0
DA:25,0
DA:26,0
DA:28,0
DA:30,0
DA:31,0
DA:33,0
DA:37,1
DA:38,0
DA:39,0
DA:40,0
DA:42,0
DA:46,1
DA:47,0
DA:48,0
DA:49,0
DA:51,0
DA:52,0
DA:54,0
DA:55,0
DA:57,0
DA:61,1
DA:62,0
DA:63,0
DA:64,0
DA:66,0
DA:70,1
DA:71,0
DA:72,0
DA:73,0
DA:75,0
DA:79,1
DA:80,0
DA:81,0
DA:84,1
DA:85,0
DA:86,0
DA:87,0
DA:89,0
DA:93,1
LF:56
LH:9
BRDA:4,0,0,0
BRDA:4,0,1,0
BRDA:16,1,0,0
BRDA:16,1,1,0
BRDA:18,2,0,0
BRDA:18,2,1,0
BRDA:21,3,0,0
BRDA:21,3,1,0
BRDA:24,4,0,0
BRDA:24,4,1,0
BRDA:30,5,0,0
BRDA:30,5,1,0
BRDA:39,6,0,0
BRDA:39,6,1,0
BRDA:48,7,0,0
BRDA:48,7,1,0
BRDA:51,8,0,0
BRDA:51,8,1,0
BRDA:54,9,0,0
BRDA:54,9,1,0
BRDA:63,10,0,0
BRDA:63,10,1,0
BRDA:72,11,0,0
BRDA:72,11,1,0
BRDA:86,12,0,0
BRDA:86,12,1,0
BRF:26
BRH:0
end_of_record
TN:
SF:src/component/Dot.tsx
FN:9,(anonymous_1)
FN:11,(anonymous_2)
FN:17,(anonymous_3)
FN:24,(anonymous_4)
FN:37,(anonymous_5)
FNF:5
FNH:5
FNDA:4,(anonymous_1)
FNDA:4,(anonymous_2)
FNDA:1,(anonymous_3)
FNDA:2,(anonymous_4)
FNDA:3,(anonymous_5)
DA:1,2
DA:2,2
DA:4,2
DA:9,4
DA:11,4
DA:15,2
DA:17,1
DA:24,2
DA:25,2
DA:26,2
DA:27,2
DA:28,2
DA:30,2
DA:31,1
DA:33,1
DA:34,1
DA:35,1
DA:38,3
DA:44,2
LF:19
LH:19
BRDA:4,0,0,2
BRDA:4,0,1,2
BRDA:9,1,0,2
BRDA:9,1,1,2
BRDA:9,2,0,2
BRDA:9,2,1,1
BRDA:11,3,0,2
BRDA:11,3,1,2
BRDA:15,4,0,2
BRDA:15,4,1,2
BRDA:30,5,0,1
BRDA:30,5,1,1
BRDA:30,6,0,2
BRDA:30,6,1,1
BRF:14
BRH:14
end_of_record
TN:
SF:src/component/Frame.ts
FN:6,(anonymous_1)
FNF:1
FNH:1
FNDA:2,(anonymous_1)
DA:1,2
DA:3,2
DA:6,2
LF:3
LH:3
BRDA:3,0,0,2
BRDA:3,0,1,2
BRF:2
BRH:2
end_of_record
TN:
SF:src/component/SlideItem.ts
FN:6,(anonymous_1)
FNF:1
FNH:1
FNDA:2,(anonymous_1)
DA:1,2
DA:3,2
DA:6,2
LF:3
LH:3
BRDA:3,0,0,2
BRDA:3,0,1,2
BRF:2
BRH:2
end_of_record
TN:
SF:src/component/SlideList.ts
FN:9,(anonymous_1)
FNF:1
FNH:0
FNDA:0,(anonymous_1)
DA:1,2
DA:8,2
DA:9,0
LF:3
LH:2
BRDA:13,0,0,2
BRDA:13,0,1,2
BRF:2
BRH:2
end_of_record
TN:
SF:src/utils/index.tsx
FN:3,(anonymous_0)
FNF:1
FNH:1
FNDA:2,(anonymous_0)
DA:3,2
DA:4,2
DA:5,1
DA:7,1
DA:13,1
LF:5
LH:5
BRDA:4,0,0,1
BRDA:4,0,1,1
BRF:2
BRH:2
end_of_record
